This file contains any messages produced by compilers while
running configure, to aid debugging if configure makes a mistake.

It was created by gluttest configure 1.6, which was
generated by GNU Autoconf 2.69.  Invocation command line was

  $ ./configure --no-create --no-recursion

## --------- ##
## Platform. ##
## --------- ##

hostname = Motard
uname -m = x86_64
uname -r = 3.8.0-19-generic
uname -s = Linux
uname -v = #30-Ubuntu SMP Wed May 1 16:35:23 UTC 2013

/usr/bin/uname -p = unknown
/bin/uname -X     = unknown

/bin/arch              = unknown
/usr/bin/arch -k       = unknown
/usr/convex/getsysinfo = unknown
/usr/bin/hostinfo      = unknown
/bin/machine           = unknown
/usr/bin/oslevel       = unknown
/bin/universe          = unknown

PATH: /usr/lib/lightdm/lightdm
PATH: /usr/local/sbin
PATH: /usr/local/bin
PATH: /usr/sbin
PATH: /usr/bin
PATH: /sbin
PATH: /bin
PATH: /usr/games
PATH: /usr/local/games
PATH: /sbin
PATH: /usr/sbin
PATH: /usr/local/sbin


## ----------- ##
## Core tests. ##
## ----------- ##

configure:1918: checking for a BSD-compatible install
configure:1986: result: /usr/bin/install -c
configure:1997: checking whether build environment is sane
configure:2047: result: yes
configure:2188: checking for a thread-safe mkdir -p
configure:2227: result: /bin/mkdir -p
configure:2240: checking for gawk
configure:2270: result: no
configure:2240: checking for mawk
configure:2256: found /usr/bin/mawk
configure:2267: result: mawk
configure:2278: checking whether make sets $(MAKE)
configure:2300: result: yes
configure:2443: checking for g++
configure:2459: found /usr/bin/g++
configure:2470: result: g++
configure:2497: checking for C++ compiler version
configure:2506: g++ --version >&5
g++ (Ubuntu/Linaro 4.7.3-1ubuntu1) 4.7.3
Copyright (C) 2012 Free Software Foundation, Inc.
This is free software; see the source for copying conditions.  There is NO
warranty; not even for MERCHANTABILITY or FITNESS FOR A PARTICULAR PURPOSE.

configure:2517: $? = 0
configure:2506: g++ -v >&5
Using built-in specs.
COLLECT_GCC=g++
COLLECT_LTO_WRAPPER=/usr/lib/gcc/x86_64-linux-gnu/4.7/lto-wrapper
Target: x86_64-linux-gnu
Configured with: ../src/configure -v --with-pkgversion='Ubuntu/Linaro 4.7.3-1ubuntu1' --with-bugurl=file:///usr/share/doc/gcc-4.7/README.Bugs --enable-languages=c,c++,go,fortran,objc,obj-c++ --prefix=/usr --program-suffix=-4.7 --enable-shared --enable-linker-build-id --libexecdir=/usr/lib --without-included-gettext --enable-threads=posix --with-gxx-include-dir=/usr/include/c++/4.7 --libdir=/usr/lib --enable-nls --with-sysroot=/ --enable-clocale=gnu --enable-libstdcxx-debug --enable-libstdcxx-time=yes --enable-gnu-unique-object --enable-plugin --with-system-zlib --enable-objc-gc --with-cloog --enable-cloog-backend=ppl --disable-cloog-version-check --disable-ppl-version-check --enable-multiarch --disable-werror --with-arch-32=i686 --with-abi=m64 --with-multilib-list=m32,m64,mx32 --with-tune=generic --enable-checking=release --build=x86_64-linux-gnu --host=x86_64-linux-gnu --target=x86_64-linux-gnu
Thread model: posix
gcc version 4.7.3 (Ubuntu/Linaro 4.7.3-1ubuntu1) 
configure:2517: $? = 0
configure:2506: g++ -V >&5
g++: error: unrecognized command line option '-V'
g++: fatal error: no input files
compilation terminated.
configure:2517: $? = 4
configure:2506: g++ -qversion >&5
g++: error: unrecognized command line option '-qversion'
g++: fatal error: no input files
compilation terminated.
configure:2517: $? = 4
configure:2537: checking whether the C++ compiler works
configure:2559: g++    conftest.cpp  >&5
configure:2563: $? = 0
configure:2611: result: yes
configure:2614: checking for C++ compiler default output file name
configure:2616: result: a.out
configure:2622: checking for suffix of executables
configure:2629: g++ -o conftest    conftest.cpp  >&5
configure:2633: $? = 0
configure:2655: result: 
configure:2677: checking whether we are cross compiling
configure:2685: g++ -o conftest    conftest.cpp  >&5
configure:2689: $? = 0
configure:2696: ./conftest
configure:2700: $? = 0
configure:2715: result: no
configure:2720: checking for suffix of object files
configure:2742: g++ -c   conftest.cpp >&5
configure:2746: $? = 0
configure:2767: result: o
configure:2771: checking whether we are using the GNU C++ compiler
configure:2790: g++ -c   conftest.cpp >&5
configure:2790: $? = 0
configure:2799: result: yes
configure:2808: checking whether g++ accepts -g
configure:2828: g++ -c -g  conftest.cpp >&5
configure:2828: $? = 0
configure:2869: result: yes
configure:2903: checking for style of include used by make
configure:2931: result: GNU
configure:2957: checking dependency style of g++
configure:3068: result: gcc3
configure:3131: checking for gcc
configure:3147: found /usr/bin/gcc
configure:3158: result: gcc
configure:3387: checking for C compiler version
configure:3396: gcc --version >&5
gcc (Ubuntu/Linaro 4.7.3-1ubuntu1) 4.7.3
Copyright (C) 2012 Free Software Foundation, Inc.
This is free software; see the source for copying conditions.  There is NO
warranty; not even for MERCHANTABILITY or FITNESS FOR A PARTICULAR PURPOSE.

configure:3407: $? = 0
configure:3396: gcc -v >&5
Using built-in specs.
COLLECT_GCC=gcc
COLLECT_LTO_WRAPPER=/usr/lib/gcc/x86_64-linux-gnu/4.7/lto-wrapper
Target: x86_64-linux-gnu
Configured with: ../src/configure -v --with-pkgversion='Ubuntu/Linaro 4.7.3-1ubuntu1' --with-bugurl=file:///usr/share/doc/gcc-4.7/README.Bugs --enable-languages=c,c++,go,fortran,objc,obj-c++ --prefix=/usr --program-suffix=-4.7 --enable-shared --enable-linker-build-id --libexecdir=/usr/lib --without-included-gettext --enable-threads=posix --with-gxx-include-dir=/usr/include/c++/4.7 --libdir=/usr/lib --enable-nls --with-sysroot=/ --enable-clocale=gnu --enable-libstdcxx-debug --enable-libstdcxx-time=yes --enable-gnu-unique-object --enable-plugin --with-system-zlib --enable-objc-gc --with-cloog --enable-cloog-backend=ppl --disable-cloog-version-check --disable-ppl-version-check --enable-multiarch --disable-werror --with-arch-32=i686 --with-abi=m64 --with-multilib-list=m32,m64,mx32 --with-tune=generic --enable-checking=release --build=x86_64-linux-gnu --host=x86_64-linux-gnu --target=x86_64-linux-gnu
Thread model: posix
gcc version 4.7.3 (Ubuntu/Linaro 4.7.3-1ubuntu1) 
configure:3407: $? = 0
configure:3396: gcc -V >&5
gcc: error: unrecognized command line option '-V'
gcc: fatal error: no input files
compilation terminated.
configure:3407: $? = 4
configure:3396: gcc -qversion >&5
gcc: error: unrecognized command line option '-qversion'
gcc: fatal error: no input files
compilation terminated.
configure:3407: $? = 4
configure:3411: checking whether we are using the GNU C compiler
configure:3430: gcc -c   conftest.c >&5
configure:3430: $? = 0
configure:3439: result: yes
configure:3448: checking whether gcc accepts -g
configure:3468: gcc -c -g  conftest.c >&5
configure:3468: $? = 0
configure:3509: result: yes
configure:3526: checking for gcc option to accept ISO C89
configure:3589: gcc  -c -g -O2  conftest.c >&5
configure:3589: $? = 0
configure:3602: result: none needed
configure:3624: checking dependency style of gcc
configure:3735: result: gcc3
configure:3753: checking for glBegin in -lGL
configure:3778: gcc -o conftest -g -O2   conftest.c -lGL   >&5
configure:3778: $? = 0
configure:3787: result: yes
configure:3798: checking for gluPerspective in -lGLU
configure:3823: gcc -o conftest -g -O2   conftest.c -lGLU  -lGL  >&5
configure:3823: $? = 0
configure:3832: result: yes
configure:3843: checking for glutInit in -lglut
configure:3868: gcc -o conftest -g -O2   conftest.c -lglut  -lGLU -lGL  >&5
configure:3868: $? = 0
configure:3877: result: yes
configure:4030: creating ./config.status

## ---------------- ##
## Cache variables. ##
## ---------------- ##

ac_cv_c_compiler_gnu=yes
ac_cv_cxx_compiler_gnu=yes
ac_cv_env_CCC_set=
ac_cv_env_CCC_value=
ac_cv_env_CC_set=
ac_cv_env_CC_value=
ac_cv_env_CFLAGS_set=
ac_cv_env_CFLAGS_value=
ac_cv_env_CPPFLAGS_set=
ac_cv_env_CPPFLAGS_value=
ac_cv_env_CXXFLAGS_set=
ac_cv_env_CXXFLAGS_value=
ac_cv_env_CXX_set=
ac_cv_env_CXX_value=
ac_cv_env_LDFLAGS_set=
ac_cv_env_LDFLAGS_value=
ac_cv_env_LIBS_set=
ac_cv_env_LIBS_value=
ac_cv_env_build_alias_set=
ac_cv_env_build_alias_value=
ac_cv_env_host_alias_set=
ac_cv_env_host_alias_value=
ac_cv_env_target_alias_set=
ac_cv_env_target_alias_value=
ac_cv_lib_GLU_gluPerspective=yes
ac_cv_lib_GL_glBegin=yes
ac_cv_lib_glut_glutInit=yes
ac_cv_objext=o
ac_cv_path_install='/usr/bin/install -c'
ac_cv_path_mkdir=/bin/mkdir
ac_cv_prog_AWK=mawk
ac_cv_prog_ac_ct_CC=gcc
ac_cv_prog_ac_ct_CXX=g++
ac_cv_prog_cc_c89=
ac_cv_prog_cc_g=yes
ac_cv_prog_cxx_g=yes
ac_cv_prog_make_make_set=yes
am_cv_CC_dependencies_compiler_type=gcc3
am_cv_CXX_dependencies_compiler_type=gcc3

## ----------------- ##
## Output variables. ##
## ----------------- ##

ACLOCAL='${SHELL} /home/mowgli/projects/gluttest/missing --run aclocal-1.11'
AMDEPBACKSLASH='\'
AMDEP_FALSE='#'
AMDEP_TRUE=''
AMTAR='$${TAR-tar}'
AUTOCONF='${SHELL} /home/mowgli/projects/gluttest/missing --run autoconf'
AUTOHEADER='${SHELL} /home/mowgli/projects/gluttest/missing --run autoheader'
AUTOMAKE='${SHELL} /home/mowgli/projects/gluttest/missing --run automake-1.11'
AWK='mawk'
CC='gcc'
CCDEPMODE='depmode=gcc3'
CFLAGS='-g -O2'
CPPFLAGS=''
CXX='g++'
CXXDEPMODE='depmode=gcc3'
CXXFLAGS='-g -O2'
CYGPATH_W='echo'
DEFS='-DHAVE_CONFIG_H'
DEPDIR='.deps'
ECHO_C=''
ECHO_N='-n'
ECHO_T=''
EXEEXT=''
INSTALL_DATA='${INSTALL} -m 644'
INSTALL_PROGRAM='${INSTALL}'
INSTALL_SCRIPT='${INSTALL}'
INSTALL_STRIP_PROGRAM='$(install_sh) -c -s'
LDFLAGS=''
LIBOBJS=''
LIBS='-lglut -lGLU -lGL '
LTLIBOBJS=''
MAKEINFO='${SHELL} /home/mowgli/projects/gluttest/missing --run makeinfo'
MKDIR_P='/bin/mkdir -p'
OBJEXT='o'
PACKAGE='gluttest'
PACKAGE_BUGREPORT='c.mitch.carroll@gmail.com'
PACKAGE_NAME='gluttest'
PACKAGE_STRING='gluttest 1.6'
PACKAGE_TARNAME='gluttest'
PACKAGE_URL=''
PACKAGE_VERSION='1.6'
PATH_SEPARATOR=':'
SET_MAKE=''
SHELL='/bin/bash'
STRIP=''
VERSION='1.6'
ac_ct_CC='gcc'
ac_ct_CXX='g++'
am__EXEEXT_FALSE=''
am__EXEEXT_TRUE='#'
am__fastdepCC_FALSE='#'
am__fastdepCC_TRUE=''
am__fastdepCXX_FALSE='#'
am__fastdepCXX_TRUE=''
am__include='include'
am__isrc=''
am__leading_dot='.'
am__nodep='_no'
am__quote=''
am__tar='$${TAR-tar} chof - "$$tardir"'
am__untar='$${TAR-tar} xf -'
bindir='${exec_prefix}/bin'
build_alias=''
datadir='${datarootdir}'
datarootdir='${prefix}/share'
docdir='${datarootdir}/doc/${PACKAGE_TARNAME}'
dvidir='${docdir}'
exec_prefix='${prefix}'
host_alias=''
htmldir='${docdir}'
includedir='${prefix}/include'
infodir='${datarootdir}/info'
install_sh='${SHELL} /home/mowgli/projects/gluttest/install-sh'
libdir='${exec_prefix}/lib'
libexecdir='${exec_prefix}/libexec'
localedir='${datarootdir}/locale'
localstatedir='${prefix}/var'
mandir='${datarootdir}/man'
mkdir_p='/bin/mkdir -p'
oldincludedir='/usr/include'
pdfdir='${docdir}'
prefix='/usr/local'
program_transform_name='s,x,x,'
psdir='${docdir}'
sbindir='${exec_prefix}/sbin'
sharedstatedir='${prefix}/com'
sysconfdir='${prefix}/etc'
target_alias=''

## ----------- ##
## confdefs.h. ##
## ----------- ##

/* confdefs.h */
#define PACKAGE_NAME "gluttest"
#define PACKAGE_TARNAME "gluttest"
#define PACKAGE_VERSION "1.6"
#define PACKAGE_STRING "gluttest 1.6"
#define PACKAGE_BUGREPORT "c.mitch.carroll@gmail.com"
#define PACKAGE_URL ""
#define PACKAGE "gluttest"
#define VERSION "1.6"
#define HAVE_LIBGL 1
#define HAVE_LIBGLU 1
#define HAVE_LIBGLUT 1

configure: exit 0

## ---------------------- ##
## Running config.status. ##
## ---------------------- ##

This file was extended by gluttest config.status 1.6, which was
generated by GNU Autoconf 2.69.  Invocation command line was

  CONFIG_FILES    = 
  CONFIG_HEADERS  = 
  CONFIG_LINKS    = 
  CONFIG_COMMANDS = 
  $ ./config.status 

on Motard

config.status:844: creating Makefile
config.status:844: creating config.h
config.status:1025: config.h is unchanged
config.status:1073: executing depfiles commands
